<?xml version="1.0" encoding="UTF-8"?>
<coverage generated="1692661464">
  <project timestamp="1692661464">
    <file name="/home/runner/work/rttphp/rttphp/src/Exceptions/InvalidDateFormat.php">
      <class name="Pedros80\RTTphp\Exceptions\InvalidDateFormat" namespace="global">
        <metrics complexity="2" methods="2" coveredmethods="2" conditionals="0" coveredconditionals="0" statements="2" coveredstatements="2" elements="4" coveredelements="4"/>
      </class>
      <line num="9" type="method" name="__construct" visibility="private" complexity="1" crap="1" count="2"/>
      <line num="11" type="stmt" count="2"/>
      <line num="14" type="method" name="fromString" visibility="public" complexity="1" crap="1" count="2"/>
      <line num="16" type="stmt" count="2"/>
      <metrics loc="19" ncloc="19" classes="1" methods="2" coveredmethods="2" conditionals="0" coveredconditionals="0" statements="2" coveredstatements="2" elements="4" coveredelements="4"/>
    </file>
    <file name="/home/runner/work/rttphp/rttphp/src/Exceptions/InvalidServiceIdFormat.php">
      <class name="Pedros80\RTTphp\Exceptions\InvalidServiceIdFormat" namespace="global">
        <metrics complexity="2" methods="2" coveredmethods="2" conditionals="0" coveredconditionals="0" statements="2" coveredstatements="2" elements="4" coveredelements="4"/>
      </class>
      <line num="9" type="method" name="__construct" visibility="private" complexity="1" crap="1" count="1"/>
      <line num="11" type="stmt" count="1"/>
      <line num="14" type="method" name="fromString" visibility="public" complexity="1" crap="1" count="1"/>
      <line num="16" type="stmt" count="1"/>
      <metrics loc="19" ncloc="19" classes="1" methods="2" coveredmethods="2" conditionals="0" coveredconditionals="0" statements="2" coveredstatements="2" elements="4" coveredelements="4"/>
    </file>
    <file name="/home/runner/work/rttphp/rttphp/src/Exceptions/InvalidTimeFormat.php">
      <class name="Pedros80\RTTphp\Exceptions\InvalidTimeFormat" namespace="global">
        <metrics complexity="2" methods="2" coveredmethods="2" conditionals="0" coveredconditionals="0" statements="2" coveredstatements="2" elements="4" coveredelements="4"/>
      </class>
      <line num="9" type="method" name="__construct" visibility="private" complexity="1" crap="1" count="1"/>
      <line num="11" type="stmt" count="1"/>
      <line num="14" type="method" name="fromString" visibility="public" complexity="1" crap="1" count="1"/>
      <line num="16" type="stmt" count="1"/>
      <metrics loc="19" ncloc="19" classes="1" methods="2" coveredmethods="2" conditionals="0" coveredconditionals="0" statements="2" coveredstatements="2" elements="4" coveredelements="4"/>
    </file>
    <file name="/home/runner/work/rttphp/rttphp/src/Exceptions/ServiceNotFound.php">
      <class name="Pedros80\RTTphp\Exceptions\ServiceNotFound" namespace="global">
        <metrics complexity="2" methods="2" coveredmethods="2" conditionals="0" coveredconditionals="0" statements="2" coveredstatements="2" elements="4" coveredelements="4"/>
      </class>
      <line num="9" type="method" name="__construct" visibility="private" complexity="1" crap="1" count="4"/>
      <line num="11" type="stmt" count="4"/>
      <line num="14" type="method" name="fromUrl" visibility="public" complexity="1" crap="1" count="4"/>
      <line num="16" type="stmt" count="4"/>
      <metrics loc="19" ncloc="19" classes="1" methods="2" coveredmethods="2" conditionals="0" coveredconditionals="0" statements="2" coveredstatements="2" elements="4" coveredelements="4"/>
    </file>
    <file name="/home/runner/work/rttphp/rttphp/src/Factories/ServicesFactory.php">
      <class name="Pedros80\RTTphp\Factories\ServicesFactory" namespace="global">
        <metrics complexity="3" methods="3" coveredmethods="3" conditionals="0" coveredconditionals="0" statements="12" coveredstatements="12" elements="15" coveredelements="15"/>
      </class>
      <line num="16" type="method" name="makeClient" visibility="private" complexity="1" crap="1" count="2"/>
      <line num="18" type="stmt" count="2"/>
      <line num="20" type="stmt" count="2"/>
      <line num="21" type="stmt" count="2"/>
      <line num="22" type="stmt" count="2"/>
      <line num="23" type="stmt" count="2"/>
      <line num="24" type="stmt" count="2"/>
      <line num="25" type="stmt" count="2"/>
      <line num="26" type="stmt" count="2"/>
      <line num="27" type="stmt" count="2"/>
      <line num="28" type="stmt" count="2"/>
      <line num="31" type="method" name="makeLocationService" visibility="public" complexity="1" crap="1" count="1"/>
      <line num="33" type="stmt" count="1"/>
      <line num="36" type="method" name="makeServiceInformationService" visibility="public" complexity="1" crap="1" count="1"/>
      <line num="38" type="stmt" count="1"/>
      <metrics loc="41" ncloc="41" classes="1" methods="3" coveredmethods="3" conditionals="0" coveredconditionals="0" statements="12" coveredstatements="12" elements="15" coveredelements="15"/>
    </file>
    <file name="/home/runner/work/rttphp/rttphp/src/Services/LocationService.php">
      <class name="Pedros80\RTTphp\Services\LocationService" namespace="global">
        <metrics complexity="7" methods="1" coveredmethods="1" conditionals="0" coveredconditionals="0" statements="10" coveredstatements="10" elements="11" coveredelements="11"/>
      </class>
      <line num="10" type="method" name="search" visibility="public" complexity="7" crap="7" count="15"/>
      <line num="17" type="stmt" count="15"/>
      <line num="19" type="stmt" count="15"/>
      <line num="20" type="stmt" count="5"/>
      <line num="23" type="stmt" count="15"/>
      <line num="24" type="stmt" count="5"/>
      <line num="26" type="stmt" count="5"/>
      <line num="27" type="stmt" count="2"/>
      <line num="31" type="stmt" count="13"/>
      <line num="32" type="stmt" count="2"/>
      <line num="35" type="stmt" count="13"/>
      <metrics loc="38" ncloc="38" classes="1" methods="1" coveredmethods="1" conditionals="0" coveredconditionals="0" statements="10" coveredstatements="10" elements="11" coveredelements="11"/>
    </file>
    <file name="/home/runner/work/rttphp/rttphp/src/Services/Service.php">
      <class name="Pedros80\RTTphp\Services\Service" namespace="global">
        <metrics complexity="9" methods="5" coveredmethods="5" conditionals="0" coveredconditionals="0" statements="15" coveredstatements="15" elements="20" coveredelements="20"/>
      </class>
      <line num="15" type="method" name="__construct" visibility="public" complexity="1" crap="1" count="22"/>
      <line num="18" type="stmt" count="22"/>
      <line num="20" type="method" name="get" visibility="protected" complexity="3" crap="3" count="16"/>
      <line num="22" type="stmt" count="16"/>
      <line num="23" type="stmt" count="16"/>
      <line num="24" type="stmt" count="15"/>
      <line num="25" type="stmt" count="15"/>
      <line num="27" type="stmt" count="15"/>
      <line num="28" type="stmt" count="4"/>
      <line num="31" type="stmt" count="11"/>
      <line num="34" type="method" name="getUrl" visibility="protected" complexity="1" crap="1" count="16"/>
      <line num="36" type="stmt" count="16"/>
      <line num="39" type="method" name="isDateFormatValid" visibility="protected" complexity="2" crap="2" count="10"/>
      <line num="41" type="stmt" count="10"/>
      <line num="42" type="stmt" count="2"/>
      <line num="45" type="stmt" count="8"/>
      <line num="48" type="method" name="isTimeFormatValid" visibility="protected" complexity="2" crap="2" count="3"/>
      <line num="50" type="stmt" count="3"/>
      <line num="51" type="stmt" count="1"/>
      <line num="54" type="stmt" count="2"/>
      <metrics loc="57" ncloc="57" classes="1" methods="5" coveredmethods="5" conditionals="0" coveredconditionals="0" statements="15" coveredstatements="15" elements="20" coveredelements="20"/>
    </file>
    <file name="/home/runner/work/rttphp/rttphp/src/Services/ServiceInformationService.php">
      <class name="Pedros80\RTTphp\Services\ServiceInformationService" namespace="global">
        <metrics complexity="4" methods="2" coveredmethods="2" conditionals="0" coveredconditionals="0" statements="8" coveredstatements="8" elements="10" coveredelements="10"/>
      </class>
      <line num="11" type="method" name="search" visibility="public" complexity="2" crap="2" count="5"/>
      <line num="13" type="stmt" count="5"/>
      <line num="15" type="stmt" count="4"/>
      <line num="17" type="stmt" count="4"/>
      <line num="18" type="stmt" count="3"/>
      <line num="21" type="stmt" count="3"/>
      <line num="24" type="method" name="isServiceIdValid" visibility="private" complexity="2" crap="2" count="5"/>
      <line num="26" type="stmt" count="5"/>
      <line num="27" type="stmt" count="1"/>
      <line num="30" type="stmt" count="4"/>
      <metrics loc="33" ncloc="33" classes="1" methods="2" coveredmethods="2" conditionals="0" coveredconditionals="0" statements="8" coveredstatements="8" elements="10" coveredelements="10"/>
    </file>
    <metrics files="8" loc="245" ncloc="245" classes="8" methods="19" coveredmethods="19" conditionals="0" coveredconditionals="0" statements="53" coveredstatements="53" elements="72" coveredelements="72"/>
  </project>
</coverage>
